DEBUG main org.springframework.beans.factory.support.DefaultListableBeanFactory - Finished creating instance of bean 'org.springframework.web.servlet.mvc.method.annotation.RequestMappingHandlerAdapter#0'
DEBUG main org.springframework.beans.factory.support.DefaultListableBeanFactory - Creating shared instance of singleton bean 'mvcUriComponentsContributor'
DEBUG main org.springframework.beans.factory.support.DefaultListableBeanFactory - Creating instance of bean 'mvcUriComponentsContributor'
DEBUG main org.springframework.beans.factory.support.DefaultListableBeanFactory - Eagerly caching bean 'mvcUriComponentsContributor' to allow for resolving potential circular references
DEBUG main org.springframework.beans.factory.support.DefaultListableBeanFactory - Creating instance of bean '(inner bean)#5126c400'
DEBUG main org.springframework.beans.factory.support.DefaultListableBeanFactory - Returning cached instance of singleton bean 'mvcContentNegotiationManager'
DEBUG main org.springframework.beans.factory.support.DefaultListableBeanFactory - Creating instance of bean '(inner bean)#66ac3957#1'
DEBUG main org.springframework.beans.factory.support.DefaultListableBeanFactory - Returning cached instance of singleton bean 'org.springframework.format.support.FormattingConversionServiceFactoryBean#0'
DEBUG main org.springframework.beans.factory.support.DefaultListableBeanFactory - Finished creating instance of bean '(inner bean)#66ac3957#1'
DEBUG main org.springframework.beans.factory.support.DefaultListableBeanFactory - Creating instance of bean '(inner bean)#4613274d#1'
DEBUG main org.springframework.beans.factory.support.DefaultListableBeanFactory - Finished creating instance of bean '(inner bean)#4613274d#1'
DEBUG main org.springframework.beans.factory.support.DefaultListableBeanFactory - Creating instance of bean '(inner bean)#59632e3c#1'
DEBUG main org.springframework.beans.factory.support.DefaultListableBeanFactory - Finished creating instance of bean '(inner bean)#59632e3c#1'
DEBUG main org.springframework.beans.factory.support.DefaultListableBeanFactory - Creating instance of bean '(inner bean)#6671ec3b#1'
DEBUG main org.springframework.beans.factory.support.DefaultListableBeanFactory - Finished creating instance of bean '(inner bean)#6671ec3b#1'
DEBUG main org.springframework.beans.factory.support.DefaultListableBeanFactory - Creating instance of bean '(inner bean)#5bf9c995#1'
DEBUG main org.springframework.beans.factory.support.DefaultListableBeanFactory - Finished creating instance of bean '(inner bean)#5bf9c995#1'
DEBUG main org.springframework.beans.factory.support.DefaultListableBeanFactory - Creating instance of bean '(inner bean)#1703b09a#1'
DEBUG main org.springframework.beans.factory.support.DefaultListableBeanFactory - Finished creating instance of bean '(inner bean)#1703b09a#1'
DEBUG main org.springframework.beans.factory.support.DefaultListableBeanFactory - Creating instance of bean '(inner bean)#5d186b14#1'
DEBUG main org.springframework.beans.factory.support.DefaultListableBeanFactory - Finished creating instance of bean '(inner bean)#5d186b14#1'
DEBUG main org.springframework.beans.factory.support.DefaultListableBeanFactory - Invoking afterPropertiesSet() on bean with name '(inner bean)#5126c400'
INFO main org.springframework.web.servlet.mvc.method.annotation.RequestMappingHandlerAdapter - Looking for @ControllerAdvice: WebApplicationContext for namespace 'mvc-dispatcher-servlet': startup date [Mon Mar 26 09:59:06 CST 2018]; parent: Root WebApplicationContext
DEBUG main org.springframework.beans.factory.support.DefaultListableBeanFactory - Returning eagerly cached instance of singleton bean 'mvcUriComponentsContributor' that is not fully initialized yet - a consequence of a circular reference
DEBUG main org.springframework.beans.factory.support.DefaultListableBeanFactory - Finished creating instance of bean '(inner bean)#5126c400'
DEBUG main org.springframework.beans.factory.support.DefaultListableBeanFactory - Returning cached instance of singleton bean 'org.springframework.format.support.FormattingConversionServiceFactoryBean#0'
DEBUG main org.springframework.beans.factory.support.DefaultListableBeanFactory - Invoking afterPropertiesSet() on bean with name 'mvcUriComponentsContributor'
DEBUG main org.springframework.beans.factory.support.DefaultListableBeanFactory - Finished creating instance of bean 'mvcUriComponentsContributor'
DEBUG main org.springframework.beans.factory.support.DefaultListableBeanFactory - Returning cached instance of singleton bean 'org.springframework.web.servlet.handler.MappedInterceptor#0'
DEBUG main org.springframework.beans.factory.support.DefaultListableBeanFactory - Creating shared instance of singleton bean 'org.springframework.web.servlet.mvc.method.annotation.ExceptionHandlerExceptionResolver#0'
DEBUG main org.springframework.beans.factory.support.DefaultListableBeanFactory - Creating instance of bean 'org.springframework.web.servlet.mvc.method.annotation.ExceptionHandlerExceptionResolver#0'
DEBUG main org.springframework.beans.factory.support.DefaultListableBeanFactory - Eagerly caching bean 'org.springframework.web.servlet.mvc.method.annotation.ExceptionHandlerExceptionResolver#0' to allow for resolving potential circular references
DEBUG main org.springframework.beans.factory.support.DefaultListableBeanFactory - Returning cached instance of singleton bean 'mvcContentNegotiationManager'
DEBUG main org.springframework.beans.factory.support.DefaultListableBeanFactory - Creating instance of bean '(inner bean)#4613274d#2'
DEBUG main org.springframework.beans.factory.support.DefaultListableBeanFactory - Finished creating instance of bean '(inner bean)#4613274d#2'
DEBUG main org.springframework.beans.factory.support.DefaultListableBeanFactory - Creating instance of bean '(inner bean)#59632e3c#2'
DEBUG main org.springframework.beans.factory.support.DefaultListableBeanFactory - Finished creating instance of bean '(inner bean)#59632e3c#2'
DEBUG main org.springframework.beans.factory.support.DefaultListableBeanFactory - Creating instance of bean '(inner bean)#6671ec3b#2'
DEBUG main org.springframework.beans.factory.support.DefaultListableBeanFactory - Finished creating instance of bean '(inner bean)#6671ec3b#2'
DEBUG main org.springframework.beans.factory.support.DefaultListableBeanFactory - Creating instance of bean '(inner bean)#5bf9c995#2'
DEBUG main org.springframework.beans.factory.support.DefaultListableBeanFactory - Finished creating instance of bean '(inner bean)#5bf9c995#2'
DEBUG main org.springframework.beans.factory.support.DefaultListableBeanFactory - Creating instance of bean '(inner bean)#1703b09a#2'
DEBUG main org.springframework.beans.factory.support.DefaultListableBeanFactory - Finished creating instance of bean '(inner bean)#1703b09a#2'
DEBUG main org.springframework.beans.factory.support.DefaultListableBeanFactory - Creating instance of bean '(inner bean)#5d186b14#2'
DEBUG main org.springframework.beans.factory.support.DefaultListableBeanFactory - Finished creating instance of bean '(inner bean)#5d186b14#2'
DEBUG main org.springframework.beans.factory.support.DefaultListableBeanFactory - Invoking afterPropertiesSet() on bean with name 'org.springframework.web.servlet.mvc.method.annotation.ExceptionHandlerExceptionResolver#0'
DEBUG main org.springframework.web.servlet.mvc.method.annotation.ExceptionHandlerExceptionResolver - Looking for exception mappings: WebApplicationContext for namespace 'mvc-dispatcher-servlet': startup date [Mon Mar 26 09:59:06 CST 2018]; parent: Root WebApplicationContext
DEBUG main org.springframework.beans.factory.support.DefaultListableBeanFactory - Finished creating instance of bean 'org.springframework.web.servlet.mvc.method.annotation.ExceptionHandlerExceptionResolver#0'
DEBUG main org.springframework.beans.factory.support.DefaultListableBeanFactory - Creating shared instance of singleton bean 'org.springframework.web.servlet.mvc.annotation.ResponseStatusExceptionResolver#0'
DEBUG main org.springframework.beans.factory.support.DefaultListableBeanFactory - Creating instance of bean 'org.springframework.web.servlet.mvc.annotation.ResponseStatusExceptionResolver#0'
DEBUG main org.springframework.beans.factory.support.DefaultListableBeanFactory - Eagerly caching bean 'org.springframework.web.servlet.mvc.annotation.ResponseStatusExceptionResolver#0' to allow for resolving potential circular references
DEBUG main org.springframework.beans.factory.support.DefaultListableBeanFactory - Finished creating instance of bean 'org.springframework.web.servlet.mvc.annotation.ResponseStatusExceptionResolver#0'
DEBUG main org.springframework.beans.factory.support.DefaultListableBeanFactory - Creating shared instance of singleton bean 'org.springframework.web.servlet.mvc.support.DefaultHandlerExceptionResolver#0'
DEBUG main org.springframework.beans.factory.support.DefaultListableBeanFactory - Creating instance of bean 'org.springframework.web.servlet.mvc.support.DefaultHandlerExceptionResolver#0'
DEBUG main org.springframework.beans.factory.support.DefaultListableBeanFactory - Eagerly caching bean 'org.springframework.web.servlet.mvc.support.DefaultHandlerExceptionResolver#0' to allow for resolving potential circular references
DEBUG main org.springframework.beans.factory.support.DefaultListableBeanFactory - Finished creating instance of bean 'org.springframework.web.servlet.mvc.support.DefaultHandlerExceptionResolver#0'
DEBUG main org.springframework.beans.factory.support.DefaultListableBeanFactory - Creating shared instance of singleton bean 'org.springframework.web.servlet.handler.BeanNameUrlHandlerMapping'
DEBUG main org.springframework.beans.factory.support.DefaultListableBeanFactory - Creating instance of bean 'org.springframework.web.servlet.handler.BeanNameUrlHandlerMapping'
DEBUG main org.springframework.beans.factory.support.DefaultListableBeanFactory - Eagerly caching bean 'org.springframework.web.servlet.handler.BeanNameUrlHandlerMapping' to allow for resolving potential circular references
DEBUG main org.springframework.beans.factory.support.DefaultListableBeanFactory - Returning cached instance of singleton bean 'org.springframework.web.servlet.handler.MappedInterceptor#0'
DEBUG main org.springframework.web.servlet.handler.BeanNameUrlHandlerMapping - Looking for URL mappings in application context: WebApplicationContext for namespace 'mvc-dispatcher-servlet': startup date [Mon Mar 26 09:59:06 CST 2018]; parent: Root WebApplicationContext
DEBUG main org.springframework.web.servlet.handler.BeanNameUrlHandlerMapping - Rejected bean name 'org.springframework.context.annotation.internalConfigurationAnnotationProcessor': no URL paths identified
DEBUG main org.springframework.web.servlet.handler.BeanNameUrlHandlerMapping - Rejected bean name 'org.springframework.context.annotation.internalAutowiredAnnotationProcessor': no URL paths identified
DEBUG main org.springframework.web.servlet.handler.BeanNameUrlHandlerMapping - Rejected bean name 'org.springframework.context.annotation.internalRequiredAnnotationProcessor': no URL paths identified
DEBUG main org.springframework.web.servlet.handler.BeanNameUrlHandlerMapping - Rejected bean name 'org.springframework.context.annotation.internalCommonAnnotationProcessor': no URL paths identified
DEBUG main org.springframework.web.servlet.handler.BeanNameUrlHandlerMapping - Rejected bean name 'adminController': no URL paths identified
DEBUG main org.springframework.web.servlet.handler.BeanNameUrlHandlerMapping - Rejected bean name 'articleController': no URL paths identified
DEBUG main org.springframework.web.servlet.handler.BeanNameUrlHandlerMapping - Rejected bean name 'categoryController': no URL paths identified
DEBUG main org.springframework.web.servlet.handler.BeanNameUrlHandlerMapping - Rejected bean name 'emailController': no URL paths identified
DEBUG main org.springframework.web.servlet.handler.BeanNameUrlHandlerMapping - Rejected bean name 'friendLinkController': no URL paths identified
DEBUG main org.springframework.web.servlet.handler.BeanNameUrlHandlerMapping - Rejected bean name 'indexController': no URL paths identified
DEBUG main org.springframework.web.servlet.handler.BeanNameUrlHandlerMapping - Rejected bean name 'inviteController': no URL paths identified
DEBUG main org.springframework.web.servlet.handler.BeanNameUrlHandlerMapping - Rejected bean name 'loginController': no URL paths identified
DEBUG main org.springframework.web.servlet.handler.BeanNameUrlHandlerMapping - Rejected bean name 'maintainController': no URL paths identified
DEBUG main org.springframework.web.servlet.handler.BeanNameUrlHandlerMapping - Rejected bean name 'siteController': no URL paths identified
DEBUG main org.springframework.web.servlet.handler.BeanNameUrlHandlerMapping - Rejected bean name 'slidesController': no URL paths identified
DEBUG main org.springframework.web.servlet.handler.BeanNameUrlHandlerMapping - Rejected bean name 'testController': no URL paths identified
DEBUG main org.springframework.web.servlet.handler.BeanNameUrlHandlerMapping - Rejected bean name 'themeController': no URL paths identified
DEBUG main org.springframework.web.servlet.handler.BeanNameUrlHandlerMapping - Rejected bean name 'userController': no URL paths identified
DEBUG main org.springframework.web.servlet.handler.BeanNameUrlHandlerMapping - Rejected bean name 'mvcContentNegotiationManager': no URL paths identified
DEBUG main org.springframework.web.servlet.handler.BeanNameUrlHandlerMapping - Rejected bean name 'org.springframework.web.servlet.mvc.method.annotation.RequestMappingHandlerMapping#0': no URL paths identified
DEBUG main org.springframework.web.servlet.handler.BeanNameUrlHandlerMapping - Rejected bean name 'org.springframework.format.support.FormattingConversionServiceFactoryBean#0': no URL paths identified
DEBUG main org.springframework.web.servlet.handler.BeanNameUrlHandlerMapping - Rejected bean name 'org.springframework.web.servlet.mvc.method.annotation.RequestMappingHandlerAdapter#0': no URL paths identified
DEBUG main org.springframework.web.servlet.handler.BeanNameUrlHandlerMapping - Rejected bean name 'mvcUriComponentsContributor': no URL paths identified
DEBUG main org.springframework.web.servlet.handler.BeanNameUrlHandlerMapping - Rejected bean name 'org.springframework.web.servlet.handler.MappedInterceptor#0': no URL paths identified
DEBUG main org.springframework.web.servlet.handler.BeanNameUrlHandlerMapping - Rejected bean name 'org.springframework.web.servlet.mvc.method.annotation.ExceptionHandlerExceptionResolver#0': no URL paths identified
DEBUG main org.springframework.web.servlet.handler.BeanNameUrlHandlerMapping - Rejected bean name 'org.springframework.web.servlet.mvc.annotation.ResponseStatusExceptionResolver#0': no URL paths identified
DEBUG main org.springframework.web.servlet.handler.BeanNameUrlHandlerMapping - Rejected bean name 'org.springframework.web.servlet.mvc.support.DefaultHandlerExceptionResolver#0': no URL paths identified
DEBUG main org.springframework.web.servlet.handler.BeanNameUrlHandlerMapping - Rejected bean name 'org.springframework.web.servlet.handler.BeanNameUrlHandlerMapping': no URL paths identified
DEBUG main org.springframework.web.servlet.handler.BeanNameUrlHandlerMapping - Rejected bean name 'org.springframework.web.servlet.mvc.HttpRequestHandlerAdapter': no URL paths identified
DEBUG main org.springframework.web.servlet.handler.BeanNameUrlHandlerMapping - Rejected bean name 'org.springframework.web.servlet.mvc.SimpleControllerHandlerAdapter': no URL paths identified
DEBUG main org.springframework.web.servlet.handler.BeanNameUrlHandlerMapping - Rejected bean name 'org.springframework.web.servlet.resource.DefaultServletHttpRequestHandler#0': no URL paths identified
DEBUG main org.springframework.web.servlet.handler.BeanNameUrlHandlerMapping - Rejected bean name 'org.springframework.web.servlet.handler.SimpleUrlHandlerMapping#0': no URL paths identified
DEBUG main org.springframework.web.servlet.handler.BeanNameUrlHandlerMapping - Rejected bean name 'org.springframework.web.servlet.view.InternalResourceViewResolver#0': no URL paths identified
DEBUG main org.springframework.web.servlet.handler.BeanNameUrlHandlerMapping - Rejected bean name 'org.springframework.context.annotation.ConfigurationClassPostProcessor.importAwareProcessor': no URL paths identified
DEBUG main org.springframework.web.servlet.handler.BeanNameUrlHandlerMapping - Rejected bean name 'org.springframework.context.annotation.ConfigurationClassPostProcessor.enhancedConfigurationProcessor': no URL paths identified
DEBUG main org.springframework.web.servlet.handler.BeanNameUrlHandlerMapping - Rejected bean name 'environment': no URL paths identified
DEBUG main org.springframework.web.servlet.handler.BeanNameUrlHandlerMapping - Rejected bean name 'systemProperties': no URL paths identified
DEBUG main org.springframework.web.servlet.handler.BeanNameUrlHandlerMapping - Rejected bean name 'systemEnvironment': no URL paths identified
DEBUG main org.springframework.web.servlet.handler.BeanNameUrlHandlerMapping - Rejected bean name 'servletConfig': no URL paths identified
DEBUG main org.springframework.web.servlet.handler.BeanNameUrlHandlerMapping - Rejected bean name 'org.springframework.context.annotation.ConfigurationClassPostProcessor.importRegistry': no URL paths identified
DEBUG main org.springframework.web.servlet.handler.BeanNameUrlHandlerMapping - Rejected bean name 'messageSource': no URL paths identified
DEBUG main org.springframework.web.servlet.handler.BeanNameUrlHandlerMapping - Rejected bean name 'applicationEventMulticaster': no URL paths identified
DEBUG main org.springframework.beans.factory.support.DefaultListableBeanFactory - Finished creating instance of bean 'org.springframework.web.servlet.handler.BeanNameUrlHandlerMapping'
DEBUG main org.springframework.beans.factory.support.DefaultListableBeanFactory - Creating shared instance of singleton bean 'org.springframework.web.servlet.mvc.HttpRequestHandlerAdapter'
DEBUG main org.springframework.beans.factory.support.DefaultListableBeanFactory - Creating instance of bean 'org.springframework.web.servlet.mvc.HttpRequestHandlerAdapter'
DEBUG main org.springframework.beans.factory.support.DefaultListableBeanFactory - Eagerly caching bean 'org.springframework.web.servlet.mvc.HttpRequestHandlerAdapter' to allow for resolving potential circular references
DEBUG main org.springframework.beans.factory.support.DefaultListableBeanFactory - Finished creating instance of bean 'org.springframework.web.servlet.mvc.HttpRequestHandlerAdapter'
DEBUG main org.springframework.beans.factory.support.DefaultListableBeanFactory - Creating shared instance of singleton bean 'org.springframework.web.servlet.mvc.SimpleControllerHandlerAdapter'
DEBUG main org.springframework.beans.factory.support.DefaultListableBeanFactory - Creating instance of bean 'org.springframework.web.servlet.mvc.SimpleControllerHandlerAdapter'
DEBUG main org.springframework.beans.factory.support.DefaultListableBeanFactory - Eagerly caching bean 'org.springframework.web.servlet.mvc.SimpleControllerHandlerAdapter' to allow for resolving potential circular references
DEBUG main org.springframework.beans.factory.support.DefaultListableBeanFactory - Finished creating instance of bean 'org.springframework.web.servlet.mvc.SimpleControllerHandlerAdapter'
DEBUG main org.springframework.beans.factory.support.DefaultListableBeanFactory - Creating shared instance of singleton bean 'org.springframework.web.servlet.resource.DefaultServletHttpRequestHandler#0'
DEBUG main org.springframework.beans.factory.support.DefaultListableBeanFactory - Creating instance of bean 'org.springframework.web.servlet.resource.DefaultServletHttpRequestHandler#0'
DEBUG main org.springframework.beans.factory.support.DefaultListableBeanFactory - Eagerly caching bean 'org.springframework.web.servlet.resource.DefaultServletHttpRequestHandler#0' to allow for resolving potential circular references
DEBUG main org.springframework.beans.factory.support.DefaultListableBeanFactory - Finished creating instance of bean 'org.springframework.web.servlet.resource.DefaultServletHttpRequestHandler#0'
DEBUG main org.springframework.beans.factory.support.DefaultListableBeanFactory - Creating shared instance of singleton bean 'org.springframework.web.servlet.handler.SimpleUrlHandlerMapping#0'
DEBUG main org.springframework.beans.factory.support.DefaultListableBeanFactory - Creating instance of bean 'org.springframework.web.servlet.handler.SimpleUrlHandlerMapping#0'
DEBUG main org.springframework.beans.factory.support.DefaultListableBeanFactory - Eagerly caching bean 'org.springframework.web.servlet.handler.SimpleUrlHandlerMapping#0' to allow for resolving potential circular references
DEBUG main org.springframework.beans.factory.support.DefaultListableBeanFactory - Returning cached instance of singleton bean 'org.springframework.web.servlet.handler.MappedInterceptor#0'
DEBUG main org.springframework.beans.factory.support.DefaultListableBeanFactory - Returning cached instance of singleton bean 'org.springframework.web.servlet.resource.DefaultServletHttpRequestHandler#0'
INFO main org.springframework.web.servlet.handler.SimpleUrlHandlerMapping - Mapped URL path [/**] onto handler 'org.springframework.web.servlet.resource.DefaultServletHttpRequestHandler#0'
DEBUG main org.springframework.beans.factory.support.DefaultListableBeanFactory - Finished creating instance of bean 'org.springframework.web.servlet.handler.SimpleUrlHandlerMapping#0'
DEBUG main org.springframework.beans.factory.support.DefaultListableBeanFactory - Creating shared instance of singleton bean 'org.springframework.web.servlet.view.InternalResourceViewResolver#0'
DEBUG main org.springframework.beans.factory.support.DefaultListableBeanFactory - Creating instance of bean 'org.springframework.web.servlet.view.InternalResourceViewResolver#0'
DEBUG main org.springframework.beans.factory.support.DefaultListableBeanFactory - Eagerly caching bean 'org.springframework.web.servlet.view.InternalResourceViewResolver#0' to allow for resolving potential circular references
DEBUG main org.springframework.beans.factory.support.DefaultListableBeanFactory - Finished creating instance of bean 'org.springframework.web.servlet.view.InternalResourceViewResolver#0'
DEBUG main org.springframework.beans.factory.support.DefaultListableBeanFactory - Returning cached instance of singleton bean 'org.springframework.context.annotation.ConfigurationClassPostProcessor.importAwareProcessor'
DEBUG main org.springframework.beans.factory.support.DefaultListableBeanFactory - Returning cached instance of singleton bean 'org.springframework.context.annotation.ConfigurationClassPostProcessor.enhancedConfigurationProcessor'
DEBUG main org.springframework.web.context.support.XmlWebApplicationContext - Unable to locate LifecycleProcessor with name 'lifecycleProcessor': using default [org.springframework.context.support.DefaultLifecycleProcessor@5d98216c]
DEBUG main org.springframework.beans.factory.support.DefaultListableBeanFactory - Returning cached instance of singleton bean 'lifecycleProcessor'
DEBUG main org.springframework.web.servlet.DispatcherServlet - Unable to locate MultipartResolver with name 'multipartResolver': no multipart request handling provided
DEBUG main org.springframework.beans.factory.support.DefaultListableBeanFactory - Creating instance of bean 'org.springframework.web.servlet.i18n.AcceptHeaderLocaleResolver'
DEBUG main org.springframework.beans.factory.support.DefaultListableBeanFactory - Finished creating instance of bean 'org.springframework.web.servlet.i18n.AcceptHeaderLocaleResolver'
DEBUG main org.springframework.web.servlet.DispatcherServlet - Unable to locate LocaleResolver with name 'localeResolver': using default [org.springframework.web.servlet.i18n.AcceptHeaderLocaleResolver@45dac901]
DEBUG main org.springframework.beans.factory.support.DefaultListableBeanFactory - Creating instance of bean 'org.springframework.web.servlet.theme.FixedThemeResolver'
DEBUG main org.springframework.beans.factory.support.DefaultListableBeanFactory - Finished creating instance of bean 'org.springframework.web.servlet.theme.FixedThemeResolver'
DEBUG main org.springframework.web.servlet.DispatcherServlet - Unable to locate ThemeResolver with name 'themeResolver': using default [org.springframework.web.servlet.theme.FixedThemeResolver@457d81d8]
DEBUG main org.springframework.beans.factory.support.DefaultListableBeanFactory - Returning cached instance of singleton bean 'org.springframework.web.servlet.mvc.method.annotation.RequestMappingHandlerMapping#0'
DEBUG main org.springframework.beans.factory.support.DefaultListableBeanFactory - Returning cached instance of singleton bean 'org.springframework.web.servlet.handler.BeanNameUrlHandlerMapping'
DEBUG main org.springframework.beans.factory.support.DefaultListableBeanFactory - Returning cached instance of singleton bean 'org.springframework.web.servlet.handler.SimpleUrlHandlerMapping#0'
DEBUG main org.springframework.beans.factory.support.DefaultListableBeanFactory - Returning cached instance of singleton bean 'org.springframework.web.servlet.mvc.method.annotation.RequestMappingHandlerAdapter#0'
DEBUG main org.springframework.beans.factory.support.DefaultListableBeanFactory - Returning cached instance of singleton bean 'org.springframework.web.servlet.mvc.HttpRequestHandlerAdapter'
DEBUG main org.springframework.beans.factory.support.DefaultListableBeanFactory - Returning cached instance of singleton bean 'org.springframework.web.servlet.mvc.SimpleControllerHandlerAdapter'
DEBUG main org.springframework.beans.factory.support.DefaultListableBeanFactory - Returning cached instance of singleton bean 'org.springframework.web.servlet.mvc.method.annotation.ExceptionHandlerExceptionResolver#0'
DEBUG main org.springframework.beans.factory.support.DefaultListableBeanFactory - Returning cached instance of singleton bean 'org.springframework.web.servlet.mvc.annotation.ResponseStatusExceptionResolver#0'
DEBUG main org.springframework.beans.factory.support.DefaultListableBeanFactory - Returning cached instance of singleton bean 'org.springframework.web.servlet.mvc.support.DefaultHandlerExceptionResolver#0'
DEBUG main org.springframework.beans.factory.support.DefaultListableBeanFactory - Creating instance of bean 'org.springframework.web.servlet.view.DefaultRequestToViewNameTranslator'
DEBUG main org.springframework.beans.factory.support.DefaultListableBeanFactory - Finished creating instance of bean 'org.springframework.web.servlet.view.DefaultRequestToViewNameTranslator'
DEBUG main org.springframework.web.servlet.DispatcherServlet - Unable to locate RequestToViewNameTranslator with name 'viewNameTranslator': using default [org.springframework.web.servlet.view.DefaultRequestToViewNameTranslator@55cb0354]
DEBUG main org.springframework.beans.factory.support.DefaultListableBeanFactory - Returning cached instance of singleton bean 'org.springframework.web.servlet.view.InternalResourceViewResolver#0'
DEBUG main org.springframework.beans.factory.support.DefaultListableBeanFactory - Creating instance of bean 'org.springframework.web.servlet.support.SessionFlashMapManager'
DEBUG main org.springframework.beans.factory.support.DefaultListableBeanFactory - Finished creating instance of bean 'org.springframework.web.servlet.support.SessionFlashMapManager'
DEBUG main org.springframework.web.servlet.DispatcherServlet - Unable to locate FlashMapManager with name 'flashMapManager': using default [org.springframework.web.servlet.support.SessionFlashMapManager@15554017]
DEBUG main org.springframework.core.env.PropertySourcesPropertyResolver - Searching for key 'spring.liveBeansView.mbeanDomain' in [servletConfigInitParams]
DEBUG main org.springframework.core.env.PropertySourcesPropertyResolver - Searching for key 'spring.liveBeansView.mbeanDomain' in [servletContextInitParams]
DEBUG main org.springframework.core.env.PropertySourcesPropertyResolver - Searching for key 'spring.liveBeansView.mbeanDomain' in [jndiProperties]
DEBUG main org.springframework.jndi.JndiTemplate - Looking up JNDI object with name [java:comp/env/spring.liveBeansView.mbeanDomain]
DEBUG main org.springframework.jndi.JndiLocatorDelegate - Converted JNDI name [java:comp/env/spring.liveBeansView.mbeanDomain] not found - trying original name [spring.liveBeansView.mbeanDomain]. javax.naming.NameNotFoundException: Name [spring.liveBeansView.mbeanDomain] is not bound in this Context. Unable to find [spring.liveBeansView.mbeanDomain].
DEBUG main org.springframework.jndi.JndiTemplate - Looking up JNDI object with name [spring.liveBeansView.mbeanDomain]
DEBUG main org.springframework.jndi.JndiPropertySource - JNDI lookup for name [spring.liveBeansView.mbeanDomain] threw NamingException with message: Name [spring.liveBeansView.mbeanDomain] is not bound in this Context. Unable to find [spring.liveBeansView.mbeanDomain].. Returning null.
DEBUG main org.springframework.core.env.PropertySourcesPropertyResolver - Searching for key 'spring.liveBeansView.mbeanDomain' in [systemProperties]
DEBUG main org.springframework.core.env.PropertySourcesPropertyResolver - Searching for key 'spring.liveBeansView.mbeanDomain' in [systemEnvironment]
DEBUG main org.springframework.core.env.PropertySourcesPropertyResolver - Could not find key 'spring.liveBeansView.mbeanDomain' in any property source. Returning [null]
DEBUG main org.springframework.web.servlet.DispatcherServlet - Published WebApplicationContext of servlet 'mvc-dispatcher' as ServletContext attribute with name [org.springframework.web.servlet.FrameworkServlet.CONTEXT.mvc-dispatcher]
INFO main org.springframework.web.servlet.DispatcherServlet - FrameworkServlet 'mvc-dispatcher': initialization completed in 672 ms
DEBUG main org.springframework.web.servlet.DispatcherServlet - Servlet 'mvc-dispatcher' configured successfully
DEBUG http-nio-8080-exec-3 org.springframework.web.servlet.DispatcherServlet - DispatcherServlet with name 'mvc-dispatcher' processing GET request for [/ajax]
DEBUG http-nio-8080-exec-3 org.springframework.web.servlet.mvc.method.annotation.RequestMappingHandlerMapping - Looking up handler method for path /ajax
DEBUG http-nio-8080-exec-3 org.springframework.web.servlet.mvc.method.annotation.RequestMappingHandlerMapping - Returning handler method [public com.shumaven.Admin.pojo.blog_user com.shumaven.Admin.controller.TestController.ajaxtest(javax.servlet.http.HttpServletRequest)]
DEBUG http-nio-8080-exec-3 org.springframework.beans.factory.support.DefaultListableBeanFactory - Returning cached instance of singleton bean 'testController'
DEBUG http-nio-8080-exec-3 org.springframework.web.servlet.DispatcherServlet - Last-Modified value for [/ajax] is: -1
DEBUG http-nio-8080-exec-3 org.springframework.web.servlet.mvc.method.annotation.ExceptionHandlerExceptionResolver - Resolving exception from handler [public com.shumaven.Admin.pojo.blog_user com.shumaven.Admin.controller.TestController.ajaxtest(javax.servlet.http.HttpServletRequest)]: org.springframework.web.HttpMediaTypeNotAcceptableException: Could not find acceptable representation
DEBUG http-nio-8080-exec-3 org.springframework.web.servlet.mvc.annotation.ResponseStatusExceptionResolver - Resolving exception from handler [public com.shumaven.Admin.pojo.blog_user com.shumaven.Admin.controller.TestController.ajaxtest(javax.servlet.http.HttpServletRequest)]: org.springframework.web.HttpMediaTypeNotAcceptableException: Could not find acceptable representation
DEBUG http-nio-8080-exec-3 org.springframework.web.servlet.mvc.support.DefaultHandlerExceptionResolver - Resolving exception from handler [public com.shumaven.Admin.pojo.blog_user com.shumaven.Admin.controller.TestController.ajaxtest(javax.servlet.http.HttpServletRequest)]: org.springframework.web.HttpMediaTypeNotAcceptableException: Could not find acceptable representation
DEBUG http-nio-8080-exec-3 org.springframework.web.servlet.DispatcherServlet - Null ModelAndView returned to DispatcherServlet with name 'mvc-dispatcher': assuming HandlerAdapter completed request handling
DEBUG http-nio-8080-exec-3 org.springframework.web.servlet.DispatcherServlet - Successfully completed request
DEBUG http-nio-8080-exec-3 org.springframework.beans.factory.support.DefaultListableBeanFactory - Returning cached instance of singleton bean 'sqlSession'
DEBUG http-nio-8080-exec-2 org.springframework.web.servlet.DispatcherServlet - DispatcherServlet with name 'mvc-dispatcher' processing GET request for [/ajax]
DEBUG http-nio-8080-exec-2 org.springframework.web.servlet.mvc.method.annotation.RequestMappingHandlerMapping - Looking up handler method for path /ajax
DEBUG http-nio-8080-exec-2 org.springframework.web.servlet.mvc.method.annotation.RequestMappingHandlerMapping - Returning handler method [public com.shumaven.Admin.pojo.blog_user com.shumaven.Admin.controller.TestController.ajaxtest(javax.servlet.http.HttpServletRequest)]
DEBUG http-nio-8080-exec-2 org.springframework.beans.factory.support.DefaultListableBeanFactory - Returning cached instance of singleton bean 'testController'
DEBUG http-nio-8080-exec-2 org.springframework.web.servlet.DispatcherServlet - Last-Modified value for [/ajax] is: -1
DEBUG http-nio-8080-exec-2 org.springframework.web.servlet.mvc.method.annotation.ExceptionHandlerExceptionResolver - Resolving exception from handler [public com.shumaven.Admin.pojo.blog_user com.shumaven.Admin.controller.TestController.ajaxtest(javax.servlet.http.HttpServletRequest)]: org.springframework.web.HttpMediaTypeNotAcceptableException: Could not find acceptable representation
DEBUG http-nio-8080-exec-2 org.springframework.web.servlet.mvc.annotation.ResponseStatusExceptionResolver - Resolving exception from handler [public com.shumaven.Admin.pojo.blog_user com.shumaven.Admin.controller.TestController.ajaxtest(javax.servlet.http.HttpServletRequest)]: org.springframework.web.HttpMediaTypeNotAcceptableException: Could not find acceptable representation
DEBUG http-nio-8080-exec-2 org.springframework.web.servlet.mvc.support.DefaultHandlerExceptionResolver - Resolving exception from handler [public com.shumaven.Admin.pojo.blog_user com.shumaven.Admin.controller.TestController.ajaxtest(javax.servlet.http.HttpServletRequest)]: org.springframework.web.HttpMediaTypeNotAcceptableException: Could not find acceptable representation
DEBUG http-nio-8080-exec-2 org.springframework.web.servlet.DispatcherServlet - Null ModelAndView returned to DispatcherServlet with name 'mvc-dispatcher': assuming HandlerAdapter completed request handling
DEBUG http-nio-8080-exec-2 org.springframework.web.servlet.DispatcherServlet - Successfully completed request
DEBUG http-nio-8080-exec-4 org.springframework.web.servlet.DispatcherServlet - DispatcherServlet with name 'mvc-dispatcher' processing GET request for [/ajax]
DEBUG http-nio-8080-exec-4 org.springframework.web.servlet.mvc.method.annotation.RequestMappingHandlerMapping - Looking up handler method for path /ajax
DEBUG http-nio-8080-exec-4 org.springframework.web.servlet.mvc.method.annotation.RequestMappingHandlerMapping - Returning handler method [public com.shumaven.Admin.pojo.blog_user com.shumaven.Admin.controller.TestController.ajaxtest(javax.servlet.http.HttpServletRequest)]
DEBUG http-nio-8080-exec-4 org.springframework.beans.factory.support.DefaultListableBeanFactory - Returning cached instance of singleton bean 'testController'
DEBUG http-nio-8080-exec-4 org.springframework.web.servlet.DispatcherServlet - Last-Modified value for [/ajax] is: -1
DEBUG http-nio-8080-exec-4 org.springframework.web.servlet.mvc.method.annotation.ExceptionHandlerExceptionResolver - Resolving exception from handler [public com.shumaven.Admin.pojo.blog_user com.shumaven.Admin.controller.TestController.ajaxtest(javax.servlet.http.HttpServletRequest)]: org.springframework.web.HttpMediaTypeNotAcceptableException: Could not find acceptable representation
DEBUG http-nio-8080-exec-4 org.springframework.web.servlet.mvc.annotation.ResponseStatusExceptionResolver - Resolving exception from handler [public com.shumaven.Admin.pojo.blog_user com.shumaven.Admin.controller.TestController.ajaxtest(javax.servlet.http.HttpServletRequest)]: org.springframework.web.HttpMediaTypeNotAcceptableException: Could not find acceptable representation
DEBUG http-nio-8080-exec-4 org.springframework.web.servlet.mvc.support.DefaultHandlerExceptionResolver - Resolving exception from handler [public com.shumaven.Admin.pojo.blog_user com.shumaven.Admin.controller.TestController.ajaxtest(javax.servlet.http.HttpServletRequest)]: org.springframework.web.HttpMediaTypeNotAcceptableException: Could not find acceptable representation
DEBUG http-nio-8080-exec-4 org.springframework.web.servlet.DispatcherServlet - Null ModelAndView returned to DispatcherServlet with name 'mvc-dispatcher': assuming HandlerAdapter completed request handling
DEBUG http-nio-8080-exec-4 org.springframework.web.servlet.DispatcherServlet - Successfully completed request
DEBUG http-nio-8080-exec-5 org.springframework.web.servlet.DispatcherServlet - DispatcherServlet with name 'mvc-dispatcher' processing GET request for [/ajax]
DEBUG http-nio-8080-exec-5 org.springframework.web.servlet.mvc.method.annotation.RequestMappingHandlerMapping - Looking up handler method for path /ajax
DEBUG http-nio-8080-exec-5 org.springframework.web.servlet.mvc.method.annotation.RequestMappingHandlerMapping - Returning handler method [public com.shumaven.Admin.pojo.blog_user com.shumaven.Admin.controller.TestController.ajaxtest(javax.servlet.http.HttpServletRequest)]
DEBUG http-nio-8080-exec-5 org.springframework.beans.factory.support.DefaultListableBeanFactory - Returning cached instance of singleton bean 'testController'
DEBUG http-nio-8080-exec-5 org.springframework.web.servlet.DispatcherServlet - Last-Modified value for [/ajax] is: -1
DEBUG http-nio-8080-exec-5 org.springframework.web.servlet.mvc.method.annotation.ExceptionHandlerExceptionResolver - Resolving exception from handler [public com.shumaven.Admin.pojo.blog_user com.shumaven.Admin.controller.TestController.ajaxtest(javax.servlet.http.HttpServletRequest)]: org.springframework.web.HttpMediaTypeNotAcceptableException: Could not find acceptable representation
DEBUG http-nio-8080-exec-5 org.springframework.web.servlet.mvc.annotation.ResponseStatusExceptionResolver - Resolving exception from handler [public com.shumaven.Admin.pojo.blog_user com.shumaven.Admin.controller.TestController.ajaxtest(javax.servlet.http.HttpServletRequest)]: org.springframework.web.HttpMediaTypeNotAcceptableException: Could not find acceptable representation
DEBUG http-nio-8080-exec-5 org.springframework.web.servlet.mvc.support.DefaultHandlerExceptionResolver - Resolving exception from handler [public com.shumaven.Admin.pojo.blog_user com.shumaven.Admin.controller.TestController.ajaxtest(javax.servlet.http.HttpServletRequest)]: org.springframework.web.HttpMediaTypeNotAcceptableException: Could not find acceptable representation
DEBUG http-nio-8080-exec-5 org.springframework.web.servlet.DispatcherServlet - Null ModelAndView returned to DispatcherServlet with name 'mvc-dispatcher': assuming HandlerAdapter completed request handling
DEBUG http-nio-8080-exec-5 org.springframework.web.servlet.DispatcherServlet - Successfully completed request
DEBUG http-nio-8080-exec-6 org.springframework.web.servlet.DispatcherServlet - DispatcherServlet with name 'mvc-dispatcher' processing GET request for [/ajax]
DEBUG http-nio-8080-exec-6 org.springframework.web.servlet.mvc.method.annotation.RequestMappingHandlerMapping - Looking up handler method for path /ajax
DEBUG http-nio-8080-exec-6 org.springframework.web.servlet.mvc.method.annotation.RequestMappingHandlerMapping - Returning handler method [public com.shumaven.Admin.pojo.blog_user com.shumaven.Admin.controller.TestController.ajaxtest(javax.servlet.http.HttpServletRequest)]
DEBUG http-nio-8080-exec-6 org.springframework.beans.factory.support.DefaultListableBeanFactory - Returning cached instance of singleton bean 'testController'
DEBUG http-nio-8080-exec-6 org.springframework.web.servlet.DispatcherServlet - Last-Modified value for [/ajax] is: -1
DEBUG http-nio-8080-exec-6 org.springframework.web.servlet.mvc.method.annotation.ExceptionHandlerExceptionResolver - Resolving exception from handler [public com.shumaven.Admin.pojo.blog_user com.shumaven.Admin.controller.TestController.ajaxtest(javax.servlet.http.HttpServletRequest)]: org.springframework.web.HttpMediaTypeNotAcceptableException: Could not find acceptable representation
DEBUG http-nio-8080-exec-6 org.springframework.web.servlet.mvc.annotation.ResponseStatusExceptionResolver - Resolving exception from handler [public com.shumaven.Admin.pojo.blog_user com.shumaven.Admin.controller.TestController.ajaxtest(javax.servlet.http.HttpServletRequest)]: org.springframework.web.HttpMediaTypeNotAcceptableException: Could not find acceptable representation
DEBUG http-nio-8080-exec-6 org.springframework.web.servlet.mvc.support.DefaultHandlerExceptionResolver - Resolving exception from handler [public com.shumaven.Admin.pojo.blog_user com.shumaven.Admin.controller.TestController.ajaxtest(javax.servlet.http.HttpServletRequest)]: org.springframework.web.HttpMediaTypeNotAcceptableException: Could not find acceptable representation
DEBUG http-nio-8080-exec-6 org.springframework.web.servlet.DispatcherServlet - Null ModelAndView returned to DispatcherServlet with name 'mvc-dispatcher': assuming HandlerAdapter completed request handling
DEBUG http-nio-8080-exec-6 org.springframework.web.servlet.DispatcherServlet - Successfully completed request
DEBUG http-nio-8080-exec-7 org.springframework.web.servlet.DispatcherServlet - DispatcherServlet with name 'mvc-dispatcher' processing GET request for [/ajax]
DEBUG http-nio-8080-exec-7 org.springframework.web.servlet.mvc.method.annotation.RequestMappingHandlerMapping - Looking up handler method for path /ajax
DEBUG http-nio-8080-exec-7 org.springframework.web.servlet.mvc.method.annotation.RequestMappingHandlerMapping - Returning handler method [public com.shumaven.Admin.pojo.blog_user com.shumaven.Admin.controller.TestController.ajaxtest(javax.servlet.http.HttpServletRequest)]
DEBUG http-nio-8080-exec-7 org.springframework.beans.factory.support.DefaultListableBeanFactory - Returning cached instance of singleton bean 'testController'
DEBUG http-nio-8080-exec-7 org.springframework.web.servlet.DispatcherServlet - Last-Modified value for [/ajax] is: -1
DEBUG http-nio-8080-exec-7 org.springframework.web.servlet.mvc.method.annotation.ExceptionHandlerExceptionResolver - Resolving exception from handler [public com.shumaven.Admin.pojo.blog_user com.shumaven.Admin.controller.TestController.ajaxtest(javax.servlet.http.HttpServletRequest)]: org.springframework.web.HttpMediaTypeNotAcceptableException: Could not find acceptable representation
DEBUG http-nio-8080-exec-7 org.springframework.web.servlet.mvc.annotation.ResponseStatusExceptionResolver - Resolving exception from handler [public com.shumaven.Admin.pojo.blog_user com.shumaven.Admin.controller.TestController.ajaxtest(javax.servlet.http.HttpServletRequest)]: org.springframework.web.HttpMediaTypeNotAcceptableException: Could not find acceptable representation
DEBUG http-nio-8080-exec-7 org.springframework.web.servlet.mvc.support.DefaultHandlerExceptionResolver - Resolving exception from handler [public com.shumaven.Admin.pojo.blog_user com.shumaven.Admin.controller.TestController.ajaxtest(javax.servlet.http.HttpServletRequest)]: org.springframework.web.HttpMediaTypeNotAcceptableException: Could not find acceptable representation
DEBUG http-nio-8080-exec-7 org.springframework.web.servlet.DispatcherServlet - Null ModelAndView returned to DispatcherServlet with name 'mvc-dispatcher': assuming HandlerAdapter completed request handling
DEBUG http-nio-8080-exec-7 org.springframework.web.servlet.DispatcherServlet - Successfully completed request
DEBUG http-nio-8080-exec-8 org.springframework.web.servlet.DispatcherServlet - DispatcherServlet with name 'mvc-dispatcher' processing GET request for [/ajax]
DEBUG http-nio-8080-exec-8 org.springframework.web.servlet.mvc.method.annotation.RequestMappingHandlerMapping - Looking up handler method for path /ajax
DEBUG http-nio-8080-exec-8 org.springframework.web.servlet.mvc.method.annotation.RequestMappingHandlerMapping - Returning handler method [public com.shumaven.Admin.pojo.blog_user com.shumaven.Admin.controller.TestController.ajaxtest(javax.servlet.http.HttpServletRequest)]
DEBUG http-nio-8080-exec-8 org.springframework.beans.factory.support.DefaultListableBeanFactory - Returning cached instance of singleton bean 'testController'
DEBUG http-nio-8080-exec-8 org.springframework.web.servlet.DispatcherServlet - Last-Modified value for [/ajax] is: -1
DEBUG http-nio-8080-exec-8 org.springframework.web.servlet.mvc.method.annotation.ExceptionHandlerExceptionResolver - Resolving exception from handler [public com.shumaven.Admin.pojo.blog_user com.shumaven.Admin.controller.TestController.ajaxtest(javax.servlet.http.HttpServletRequest)]: org.springframework.web.HttpMediaTypeNotAcceptableException: Could not find acceptable representation
DEBUG http-nio-8080-exec-8 org.springframework.web.servlet.mvc.annotation.ResponseStatusExceptionResolver - Resolving exception from handler [public com.shumaven.Admin.pojo.blog_user com.shumaven.Admin.controller.TestController.ajaxtest(javax.servlet.http.HttpServletRequest)]: org.springframework.web.HttpMediaTypeNotAcceptableException: Could not find acceptable representation
DEBUG http-nio-8080-exec-8 org.springframework.web.servlet.mvc.support.DefaultHandlerExceptionResolver - Resolving exception from handler [public com.shumaven.Admin.pojo.blog_user com.shumaven.Admin.controller.TestController.ajaxtest(javax.servlet.http.HttpServletRequest)]: org.springframework.web.HttpMediaTypeNotAcceptableException: Could not find acceptable representation
DEBUG http-nio-8080-exec-8 org.springframework.web.servlet.DispatcherServlet - Null ModelAndView returned to DispatcherServlet with name 'mvc-dispatcher': assuming HandlerAdapter completed request handling
DEBUG http-nio-8080-exec-8 org.springframework.web.servlet.DispatcherServlet - Successfully completed request
DEBUG http-nio-8080-exec-10 org.springframework.web.servlet.DispatcherServlet - DispatcherServlet with name 'mvc-dispatcher' processing GET request for [/ajax]
DEBUG http-nio-8080-exec-10 org.springframework.web.servlet.mvc.method.annotation.RequestMappingHandlerMapping - Looking up handler method for path /ajax
DEBUG http-nio-8080-exec-10 org.springframework.web.servlet.mvc.method.annotation.RequestMappingHandlerMapping - Returning handler method [public com.shumaven.Admin.pojo.blog_user com.shumaven.Admin.controller.TestController.ajaxtest(javax.servlet.http.HttpServletRequest)]
DEBUG http-nio-8080-exec-10 org.springframework.beans.factory.support.DefaultListableBeanFactory - Returning cached instance of singleton bean 'testController'
DEBUG http-nio-8080-exec-10 org.springframework.web.servlet.DispatcherServlet - Last-Modified value for [/ajax] is: -1
DEBUG http-nio-8080-exec-10 org.springframework.web.servlet.mvc.method.annotation.ExceptionHandlerExceptionResolver - Resolving exception from handler [public com.shumaven.Admin.pojo.blog_user com.shumaven.Admin.controller.TestController.ajaxtest(javax.servlet.http.HttpServletRequest)]: org.springframework.web.HttpMediaTypeNotAcceptableException: Could not find acceptable representation
DEBUG http-nio-8080-exec-10 org.springframework.web.servlet.mvc.annotation.ResponseStatusExceptionResolver - Resolving exception from handler [public com.shumaven.Admin.pojo.blog_user com.shumaven.Admin.controller.TestController.ajaxtest(javax.servlet.http.HttpServletRequest)]: org.springframework.web.HttpMediaTypeNotAcceptableException: Could not find acceptable representation
DEBUG http-nio-8080-exec-10 org.springframework.web.servlet.mvc.support.DefaultHandlerExceptionResolver - Resolving exception from handler [public com.shumaven.Admin.pojo.blog_user com.shumaven.Admin.controller.TestController.ajaxtest(javax.servlet.http.HttpServletRequest)]: org.springframework.web.HttpMediaTypeNotAcceptableException: Could not find acceptable representation
DEBUG http-nio-8080-exec-10 org.springframework.web.servlet.DispatcherServlet - Null ModelAndView returned to DispatcherServlet with name 'mvc-dispatcher': assuming HandlerAdapter completed request handling
DEBUG http-nio-8080-exec-10 org.springframework.web.servlet.DispatcherServlet - Successfully completed request
DEBUG http-nio-8080-exec-9 org.springframework.web.servlet.DispatcherServlet - DispatcherServlet with name 'mvc-dispatcher' processing GET request for [/ajax]
DEBUG http-nio-8080-exec-9 org.springframework.web.servlet.mvc.method.annotation.RequestMappingHandlerMapping - Looking up handler method for path /ajax
DEBUG http-nio-8080-exec-9 org.springframework.web.servlet.mvc.method.annotation.RequestMappingHandlerMapping - Returning handler method [public com.shumaven.Admin.pojo.blog_user com.shumaven.Admin.controller.TestController.ajaxtest(javax.servlet.http.HttpServletRequest)]
DEBUG http-nio-8080-exec-9 org.springframework.beans.factory.support.DefaultListableBeanFactory - Returning cached instance of singleton bean 'testController'
DEBUG http-nio-8080-exec-9 org.springframework.web.servlet.DispatcherServlet - Last-Modified value for [/ajax] is: -1
DEBUG http-nio-8080-exec-9 org.springframework.web.servlet.mvc.method.annotation.ExceptionHandlerExceptionResolver - Resolving exception from handler [public com.shumaven.Admin.pojo.blog_user com.shumaven.Admin.controller.TestController.ajaxtest(javax.servlet.http.HttpServletRequest)]: org.springframework.web.HttpMediaTypeNotAcceptableException: Could not find acceptable representation
DEBUG http-nio-8080-exec-9 org.springframework.web.servlet.mvc.annotation.ResponseStatusExceptionResolver - Resolving exception from handler [public com.shumaven.Admin.pojo.blog_user com.shumaven.Admin.controller.TestController.ajaxtest(javax.servlet.http.HttpServletRequest)]: org.springframework.web.HttpMediaTypeNotAcceptableException: Could not find acceptable representation
DEBUG http-nio-8080-exec-9 org.springframework.web.servlet.mvc.support.DefaultHandlerExceptionResolver - Resolving exception from handler [public com.shumaven.Admin.pojo.blog_user com.shumaven.Admin.controller.TestController.ajaxtest(javax.servlet.http.HttpServletRequest)]: org.springframework.web.HttpMediaTypeNotAcceptableException: Could not find acceptable representation
DEBUG http-nio-8080-exec-9 org.springframework.web.servlet.DispatcherServlet - Null ModelAndView returned to DispatcherServlet with name 'mvc-dispatcher': assuming HandlerAdapter completed request handling
DEBUG http-nio-8080-exec-9 org.springframework.web.servlet.DispatcherServlet - Successfully completed request
DEBUG http-nio-8080-exec-1 org.springframework.web.servlet.DispatcherServlet - DispatcherServlet with name 'mvc-dispatcher' processing GET request for [/ajax]
DEBUG http-nio-8080-exec-1 org.springframework.web.servlet.mvc.method.annotation.RequestMappingHandlerMapping - Looking up handler method for path /ajax
DEBUG http-nio-8080-exec-1 org.springframework.web.servlet.mvc.method.annotation.RequestMappingHandlerMapping - Returning handler method [public com.shumaven.Admin.pojo.blog_user com.shumaven.Admin.controller.TestController.ajaxtest(javax.servlet.http.HttpServletRequest)]
DEBUG http-nio-8080-exec-1 org.springframework.beans.factory.support.DefaultListableBeanFactory - Returning cached instance of singleton bean 'testController'
DEBUG http-nio-8080-exec-1 org.springframework.web.servlet.DispatcherServlet - Last-Modified value for [/ajax] is: -1
DEBUG http-nio-8080-exec-1 org.springframework.web.servlet.mvc.method.annotation.ExceptionHandlerExceptionResolver - Resolving exception from handler [public com.shumaven.Admin.pojo.blog_user com.shumaven.Admin.controller.TestController.ajaxtest(javax.servlet.http.HttpServletRequest)]: org.springframework.web.HttpMediaTypeNotAcceptableException: Could not find acceptable representation
DEBUG http-nio-8080-exec-1 org.springframework.web.servlet.mvc.annotation.ResponseStatusExceptionResolver - Resolving exception from handler [public com.shumaven.Admin.pojo.blog_user com.shumaven.Admin.controller.TestController.ajaxtest(javax.servlet.http.HttpServletRequest)]: org.springframework.web.HttpMediaTypeNotAcceptableException: Could not find acceptable representation
DEBUG http-nio-8080-exec-1 org.springframework.web.servlet.mvc.support.DefaultHandlerExceptionResolver - Resolving exception from handler [public com.shumaven.Admin.pojo.blog_user com.shumaven.Admin.controller.TestController.ajaxtest(javax.servlet.http.HttpServletRequest)]: org.springframework.web.HttpMediaTypeNotAcceptableException: Could not find acceptable representation
DEBUG http-nio-8080-exec-1 org.springframework.web.servlet.DispatcherServlet - Null ModelAndView returned to DispatcherServlet with name 'mvc-dispatcher': assuming HandlerAdapter completed request handling
DEBUG http-nio-8080-exec-1 org.springframework.web.servlet.DispatcherServlet - Successfully completed request
DEBUG http-nio-8080-exec-3 org.springframework.web.servlet.DispatcherServlet - DispatcherServlet with name 'mvc-dispatcher' processing GET request for [/ajax]
DEBUG http-nio-8080-exec-3 org.springframework.web.servlet.mvc.method.annotation.RequestMappingHandlerMapping - Looking up handler method for path /ajax
DEBUG http-nio-8080-exec-3 org.springframework.web.servlet.mvc.method.annotation.RequestMappingHandlerMapping - Returning handler method [public com.shumaven.Admin.pojo.blog_user com.shumaven.Admin.controller.TestController.ajaxtest(javax.servlet.http.HttpServletRequest)]
DEBUG http-nio-8080-exec-3 org.springframework.beans.factory.support.DefaultListableBeanFactory - Returning cached instance of singleton bean 'testController'
DEBUG http-nio-8080-exec-3 org.springframework.web.servlet.DispatcherServlet - Last-Modified value for [/ajax] is: -1
DEBUG http-nio-8080-exec-3 org.springframework.web.servlet.mvc.method.annotation.ExceptionHandlerExceptionResolver - Resolving exception from handler [public com.shumaven.Admin.pojo.blog_user com.shumaven.Admin.controller.TestController.ajaxtest(javax.servlet.http.HttpServletRequest)]: org.springframework.web.HttpMediaTypeNotAcceptableException: Could not find acceptable representation
DEBUG http-nio-8080-exec-3 org.springframework.web.servlet.mvc.annotation.ResponseStatusExceptionResolver - Resolving exception from handler [public com.shumaven.Admin.pojo.blog_user com.shumaven.Admin.controller.TestController.ajaxtest(javax.servlet.http.HttpServletRequest)]: org.springframework.web.HttpMediaTypeNotAcceptableException: Could not find acceptable representation
DEBUG http-nio-8080-exec-3 org.springframework.web.servlet.mvc.support.DefaultHandlerExceptionResolver - Resolving exception from handler [public com.shumaven.Admin.pojo.blog_user com.shumaven.Admin.controller.TestController.ajaxtest(javax.servlet.http.HttpServletRequest)]: org.springframework.web.HttpMediaTypeNotAcceptableException: Could not find acceptable representation
DEBUG http-nio-8080-exec-3 org.springframework.web.servlet.DispatcherServlet - Null ModelAndView returned to DispatcherServlet with name 'mvc-dispatcher': assuming HandlerAdapter completed request handling
DEBUG http-nio-8080-exec-3 org.springframework.web.servlet.DispatcherServlet - Successfully completed request
DEBUG http-nio-8080-exec-2 org.springframework.web.servlet.DispatcherServlet - DispatcherServlet with name 'mvc-dispatcher' processing GET request for [/ajax]
DEBUG http-nio-8080-exec-2 org.springframework.web.servlet.mvc.method.annotation.RequestMappingHandlerMapping - Looking up handler method for path /ajax
DEBUG http-nio-8080-exec-2 org.springframework.web.servlet.mvc.method.annotation.RequestMappingHandlerMapping - Returning handler method [public com.shumaven.Admin.pojo.blog_user com.shumaven.Admin.controller.TestController.ajaxtest(javax.servlet.http.HttpServletRequest)]
DEBUG http-nio-8080-exec-2 org.springframework.beans.factory.support.DefaultListableBeanFactory - Returning cached instance of singleton bean 'testController'
DEBUG http-nio-8080-exec-2 org.springframework.web.servlet.DispatcherServlet - Last-Modified value for [/ajax] is: -1
DEBUG http-nio-8080-exec-2 org.springframework.web.servlet.mvc.method.annotation.ExceptionHandlerExceptionResolver - Resolving exception from handler [public com.shumaven.Admin.pojo.blog_user com.shumaven.Admin.controller.TestController.ajaxtest(javax.servlet.http.HttpServletRequest)]: org.springframework.web.HttpMediaTypeNotAcceptableException: Could not find acceptable representation
DEBUG http-nio-8080-exec-2 org.springframework.web.servlet.mvc.annotation.ResponseStatusExceptionResolver - Resolving exception from handler [public com.shumaven.Admin.pojo.blog_user com.shumaven.Admin.controller.TestController.ajaxtest(javax.servlet.http.HttpServletRequest)]: org.springframework.web.HttpMediaTypeNotAcceptableException: Could not find acceptable representation
DEBUG http-nio-8080-exec-2 org.springframework.web.servlet.mvc.support.DefaultHandlerExceptionResolver - Resolving exception from handler [public com.shumaven.Admin.pojo.blog_user com.shumaven.Admin.controller.TestController.ajaxtest(javax.servlet.http.HttpServletRequest)]: org.springframework.web.HttpMediaTypeNotAcceptableException: Could not find acceptable representation
DEBUG http-nio-8080-exec-2 org.springframework.web.servlet.DispatcherServlet - Null ModelAndView returned to DispatcherServlet with name 'mvc-dispatcher': assuming HandlerAdapter completed request handling
DEBUG http-nio-8080-exec-2 org.springframework.web.servlet.DispatcherServlet - Successfully completed request
DEBUG http-nio-8080-exec-5 org.springframework.web.servlet.DispatcherServlet - DispatcherServlet with name 'mvc-dispatcher' processing GET request for [/ajax]
DEBUG http-nio-8080-exec-5 org.springframework.web.servlet.mvc.method.annotation.RequestMappingHandlerMapping - Looking up handler method for path /ajax
DEBUG http-nio-8080-exec-5 org.springframework.web.servlet.mvc.method.annotation.RequestMappingHandlerMapping - Returning handler method [public com.shumaven.Admin.pojo.blog_user com.shumaven.Admin.controller.TestController.ajaxtest(javax.servlet.http.HttpServletRequest)]
DEBUG http-nio-8080-exec-5 org.springframework.beans.factory.support.DefaultListableBeanFactory - Returning cached instance of singleton bean 'testController'
DEBUG http-nio-8080-exec-5 org.springframework.web.servlet.DispatcherServlet - Last-Modified value for [/ajax] is: -1
DEBUG http-nio-8080-exec-5 org.springframework.web.servlet.mvc.method.annotation.ExceptionHandlerExceptionResolver - Resolving exception from handler [public com.shumaven.Admin.pojo.blog_user com.shumaven.Admin.controller.TestController.ajaxtest(javax.servlet.http.HttpServletRequest)]: org.springframework.web.HttpMediaTypeNotAcceptableException: Could not find acceptable representation
DEBUG http-nio-8080-exec-5 org.springframework.web.servlet.mvc.annotation.ResponseStatusExceptionResolver - Resolving exception from handler [public com.shumaven.Admin.pojo.blog_user com.shumaven.Admin.controller.TestController.ajaxtest(javax.servlet.http.HttpServletRequest)]: org.springframework.web.HttpMediaTypeNotAcceptableException: Could not find acceptable representation
DEBUG http-nio-8080-exec-5 org.springframework.web.servlet.mvc.support.DefaultHandlerExceptionResolver - Resolving exception from handler [public com.shumaven.Admin.pojo.blog_user com.shumaven.Admin.controller.TestController.ajaxtest(javax.servlet.http.HttpServletRequest)]: org.springframework.web.HttpMediaTypeNotAcceptableException: Could not find acceptable representation
DEBUG http-nio-8080-exec-5 org.springframework.web.servlet.DispatcherServlet - Null ModelAndView returned to DispatcherServlet with name 'mvc-dispatcher': assuming HandlerAdapter completed request handling
DEBUG http-nio-8080-exec-5 org.springframework.web.servlet.DispatcherServlet - Successfully completed request
DEBUG http-nio-8080-exec-7 org.springframework.web.servlet.DispatcherServlet - DispatcherServlet with name 'mvc-dispatcher' processing GET request for [/ajax]
DEBUG http-nio-8080-exec-7 org.springframework.web.servlet.mvc.method.annotation.RequestMappingHandlerMapping - Looking up handler method for path /ajax
DEBUG http-nio-8080-exec-7 org.springframework.web.servlet.mvc.method.annotation.RequestMappingHandlerMapping - Returning handler method [public com.shumaven.Admin.pojo.blog_user com.shumaven.Admin.controller.TestController.ajaxtest(javax.servlet.http.HttpServletRequest)]
DEBUG http-nio-8080-exec-7 org.springframework.beans.factory.support.DefaultListableBeanFactory - Returning cached instance of singleton bean 'testController'
DEBUG http-nio-8080-exec-7 org.springframework.web.servlet.DispatcherServlet - Last-Modified value for [/ajax] is: -1
DEBUG http-nio-8080-exec-7 org.springframework.web.servlet.mvc.method.annotation.ExceptionHandlerExceptionResolver - Resolving exception from handler [public com.shumaven.Admin.pojo.blog_user com.shumaven.Admin.controller.TestController.ajaxtest(javax.servlet.http.HttpServletRequest)]: org.springframework.web.HttpMediaTypeNotAcceptableException: Could not find acceptable representation
DEBUG http-nio-8080-exec-7 org.springframework.web.servlet.mvc.annotation.ResponseStatusExceptionResolver - Resolving exception from handler [public com.shumaven.Admin.pojo.blog_user com.shumaven.Admin.controller.TestController.ajaxtest(javax.servlet.http.HttpServletRequest)]: org.springframework.web.HttpMediaTypeNotAcceptableException: Could not find acceptable representation
DEBUG http-nio-8080-exec-7 org.springframework.web.servlet.mvc.support.DefaultHandlerExceptionResolver - Resolving exception from handler [public com.shumaven.Admin.pojo.blog_user com.shumaven.Admin.controller.TestController.ajaxtest(javax.servlet.http.HttpServletRequest)]: org.springframework.web.HttpMediaTypeNotAcceptableException: Could not find acceptable representation
DEBUG http-nio-8080-exec-7 org.springframework.web.servlet.DispatcherServlet - Null ModelAndView returned to DispatcherServlet with name 'mvc-dispatcher': assuming HandlerAdapter completed request handling
DEBUG http-nio-8080-exec-7 org.springframework.web.servlet.DispatcherServlet - Successfully completed request
DEBUG http-nio-8080-exec-8 org.springframework.web.servlet.DispatcherServlet - DispatcherServlet with name 'mvc-dispatcher' processing GET request for [/ajax]
DEBUG http-nio-8080-exec-8 org.springframework.web.servlet.mvc.method.annotation.RequestMappingHandlerMapping - Looking up handler method for path /ajax
DEBUG http-nio-8080-exec-8 org.springframework.web.servlet.mvc.method.annotation.RequestMappingHandlerMapping - Returning handler method [public com.shumaven.Admin.pojo.blog_user com.shumaven.Admin.controller.TestController.ajaxtest(javax.servlet.http.HttpServletRequest)]
DEBUG http-nio-8080-exec-8 org.springframework.beans.factory.support.DefaultListableBeanFactory - Returning cached instance of singleton bean 'testController'
DEBUG http-nio-8080-exec-8 org.springframework.web.servlet.DispatcherServlet - Last-Modified value for [/ajax] is: -1
DEBUG http-nio-8080-exec-8 org.springframework.web.servlet.mvc.method.annotation.ExceptionHandlerExceptionResolver - Resolving exception from handler [public com.shumaven.Admin.pojo.blog_user com.shumaven.Admin.controller.TestController.ajaxtest(javax.servlet.http.HttpServletRequest)]: org.springframework.web.HttpMediaTypeNotAcceptableException: Could not find acceptable representation
DEBUG http-nio-8080-exec-8 org.springframework.web.servlet.mvc.annotation.ResponseStatusExceptionResolver - Resolving exception from handler [public com.shumaven.Admin.pojo.blog_user com.shumaven.Admin.controller.TestController.ajaxtest(javax.servlet.http.HttpServletRequest)]: org.springframework.web.HttpMediaTypeNotAcceptableException: Could not find acceptable representation
DEBUG http-nio-8080-exec-8 org.springframework.web.servlet.mvc.support.DefaultHandlerExceptionResolver - Resolving exception from handler [public com.shumaven.Admin.pojo.blog_user com.shumaven.Admin.controller.TestController.ajaxtest(javax.servlet.http.HttpServletRequest)]: org.springframework.web.HttpMediaTypeNotAcceptableException: Could not find acceptable representation
DEBUG http-nio-8080-exec-8 org.springframework.web.servlet.DispatcherServlet - Null ModelAndView returned to DispatcherServlet with name 'mvc-dispatcher': assuming HandlerAdapter completed request handling
DEBUG http-nio-8080-exec-8 org.springframework.web.servlet.DispatcherServlet - Successfully completed request
INFO ContainerBackgroundProcessor[StandardEngine[Catalina]] org.springframework.web.context.support.XmlWebApplicationContext - Closing WebApplicationContext for namespace 'mvc-dispatcher-servlet': startup date [Mon Mar 26 09:59:06 CST 2018]; parent: Root WebApplicationContext
DEBUG ContainerBackgroundProcessor[StandardEngine[Catalina]] org.springframework.beans.factory.support.DefaultListableBeanFactory - Returning cached instance of singleton bean 'sqlSession'
DEBUG ContainerBackgroundProcessor[StandardEngine[Catalina]] org.springframework.beans.factory.support.DefaultListableBeanFactory - Returning cached instance of singleton bean 'lifecycleProcessor'
DEBUG ContainerBackgroundProcessor[StandardEngine[Catalina]] org.springframework.beans.factory.support.DefaultListableBeanFactory - Destroying singletons in org.springframework.beans.factory.support.DefaultListableBeanFactory@5df785d1: defining beans [org.springframework.context.annotation.internalConfigurationAnnotationProcessor,org.springframework.context.annotation.internalAutowiredAnnotationProcessor,org.springframework.context.annotation.internalRequiredAnnotationProcessor,org.springframework.context.annotation.internalCommonAnnotationProcessor,adminController,articleController,categoryController,emailController,friendLinkController,indexController,inviteController,loginController,maintainController,siteController,slidesController,testController,themeController,userController,mvcContentNegotiationManager,org.springframework.web.servlet.mvc.method.annotation.RequestMappingHandlerMapping#0,org.springframework.format.support.FormattingConversionServiceFactoryBean#0,org.springframework.web.servlet.mvc.method.annotation.RequestMappingHandlerAdapter#0,mvcUriComponentsContributor,org.springframework.web.servlet.handler.MappedInterceptor#0,org.springframework.web.servlet.mvc.method.annotation.ExceptionHandlerExceptionResolver#0,org.springframework.web.servlet.mvc.annotation.ResponseStatusExceptionResolver#0,org.springframework.web.servlet.mvc.support.DefaultHandlerExceptionResolver#0,org.springframework.web.servlet.handler.BeanNameUrlHandlerMapping,org.springframework.web.servlet.mvc.HttpRequestHandlerAdapter,org.springframework.web.servlet.mvc.SimpleControllerHandlerAdapter,org.springframework.web.servlet.resource.DefaultServletHttpRequestHandler#0,org.springframework.web.servlet.handler.SimpleUrlHandlerMapping#0,org.springframework.web.servlet.view.InternalResourceViewResolver#0,org.springframework.context.annotation.ConfigurationClassPostProcessor.importAwareProcessor,org.springframework.context.annotation.ConfigurationClassPostProcessor.enhancedConfigurationProcessor]; parent: org.springframework.beans.factory.support.DefaultListableBeanFactory@75fa16cc
DEBUG ContainerBackgroundProcessor[StandardEngine[Catalina]] org.springframework.beans.factory.support.DefaultListableBeanFactory - Retrieved dependent beans for bean '(inner bean)#4613274d#2': [org.springframework.web.servlet.mvc.method.annotation.ExceptionHandlerExceptionResolver#0]
DEBUG ContainerBackgroundProcessor[StandardEngine[Catalina]] org.springframework.beans.factory.support.DefaultListableBeanFactory - Retrieved dependent beans for bean '(inner bean)#5126c400': [mvcUriComponentsContributor]
DEBUG ContainerBackgroundProcessor[StandardEngine[Catalina]] org.springframework.beans.factory.support.DefaultListableBeanFactory - Retrieved dependent beans for bean '(inner bean)#66ac3957#1': [(inner bean)#5126c400]
DEBUG ContainerBackgroundProcessor[StandardEngine[Catalina]] org.springframework.beans.factory.support.DefaultListableBeanFactory - Retrieved dependent beans for bean '(inner bean)#66ac3957': [org.springframework.web.servlet.mvc.method.annotation.RequestMappingHandlerAdapter#0]
DEBUG ContainerBackgroundProcessor[StandardEngine[Catalina]] org.springframework.beans.factory.support.DefaultListableBeanFactory - Retrieved dependent beans for bean '(inner bean)#396eceda': [org.springframework.web.servlet.handler.MappedInterceptor#0]
DEBUG main org.mybatis.generator.internal.db.DatabaseIntrospector - Retrieving column information for table "blog_user"
DEBUG main org.mybatis.generator.internal.db.DatabaseIntrospector - Found column "id", data type 4, in table "ssmblog..blog_user"
DEBUG main org.mybatis.generator.internal.db.DatabaseIntrospector - Found column "user_id", data type 12, in table "ssmblog..blog_user"
DEBUG main org.mybatis.generator.internal.db.DatabaseIntrospector - Found column "user_name", data type 12, in table "ssmblog..blog_user"
DEBUG main org.mybatis.generator.internal.db.DatabaseIntrospector - Found column "user_password", data type 12, in table "ssmblog..blog_user"
DEBUG main org.mybatis.generator.internal.db.DatabaseIntrospector - Found column "pic", data type 12, in table "ssmblog..blog_user"
DEBUG main org.mybatis.generator.internal.db.DatabaseIntrospector - Found column "email", data type 12, in table "ssmblog..blog_user"
DEBUG main org.mybatis.generator.internal.db.DatabaseIntrospector - Found column "ctime", data type 4, in table "ssmblog..blog_user"
DEBUG main org.mybatis.generator.internal.db.DatabaseIntrospector - Found column "lasttime", data type 4, in table "ssmblog..blog_user"
DEBUG main org.mybatis.generator.internal.db.DatabaseIntrospector - Found column "ip", data type 12, in table "ssmblog..blog_user"
DEBUG main org.mybatis.generator.internal.db.DatabaseIntrospector - Found column "status", data type 4, in table "ssmblog..blog_user"
DEBUG main org.mybatis.generator.internal.db.DatabaseIntrospector - Found column "truename", data type 12, in table "ssmblog..blog_user"
DEBUG main org.mybatis.generator.internal.db.DatabaseIntrospector - Found column "admin", data type 4, in table "ssmblog..blog_user"
DEBUG main org.mybatis.generator.internal.db.DatabaseIntrospector - Retrieving column information for table "blog_userdetail"
DEBUG main org.mybatis.generator.internal.db.DatabaseIntrospector - Found column "Id", data type 4, in table "ssmblog..blog_userdetail"
DEBUG main org.mybatis.generator.internal.db.DatabaseIntrospector - Found column "user_id", data type 12, in table "ssmblog..blog_userdetail"
DEBUG main org.mybatis.generator.internal.db.DatabaseIntrospector - Found column "isVacate", data type 4, in table "ssmblog..blog_userdetail"
DEBUG main org.mybatis.generator.internal.db.DatabaseIntrospector - Found column "applyReason", data type 12, in table "ssmblog..blog_userdetail"
DEBUG main org.mybatis.generator.internal.db.DatabaseIntrospector - Found column "applyTime", data type 12, in table "ssmblog..blog_userdetail"
DEBUG main org.mybatis.generator.internal.db.DatabaseIntrospector - Found column "isAgree", data type 4, in table "ssmblog..blog_userdetail"
DEBUG main org.mybatis.generator.internal.db.DatabaseIntrospector - Found column "signTime", data type 12, in table "ssmblog..blog_userdetail"
